{
  "RSpec": {
    "coverage": {
      "/Users/benedikt/Documents/ruby-programmes/week8/location_api/config/environment.rb": [
        null,
        1,
        null,
        null,
        1
      ],
      "/Users/benedikt/Documents/ruby-programmes/week8/location_api/config/application.rb": [
        1,
        null,
        null,
        1,
        1,
        1,
        1,
        1,
        null,
        null,
        1,
        null,
        1,
        null,
        null,
        null,
        null,
        1,
        1,
        null,
        null,
        null,
        null,
        null,
        null,
        null,
        null,
        null,
        null,
        null,
        null,
        null,
        null,
        null,
        null,
        null,
        null,
        null,
        null,
        null,
        null,
        null,
        1,
        null,
        null,
        1,
        null,
        null,
        1,
        null,
        null,
        null,
        null,
        null,
        null,
        null,
        null,
        null,
        null,
        1,
        null,
        null,
        1,
        null,
        null,
        1,
        null,
        null
      ],
      "/Users/benedikt/Documents/ruby-programmes/week8/location_api/config/boot.rb": [
        1,
        null,
        null,
        1,
        null,
        1
      ],
      "/Users/benedikt/Documents/ruby-programmes/week8/location_api/config/environments/test.rb": [
        1,
        null,
        null,
        null,
        null,
        null,
        null,
        1,
        null,
        null,
        1,
        1,
        null,
        null,
        1,
        null,
        null,
        1,
        1,
        null,
        null,
        1,
        null,
        null,
        1,
        null,
        null,
        null,
        null,
        1,
        null,
        null,
        1,
        null,
        null,
        1,
        null
      ],
      "/Users/benedikt/Documents/ruby-programmes/week8/location_api/config/initializers/backtrace_silencers.rb": [
        null,
        null,
        null,
        null,
        null,
        null,
        null
      ],
      "/Users/benedikt/Documents/ruby-programmes/week8/location_api/config/initializers/devise.rb": [
        null,
        null,
        1,
        null,
        null,
        null,
        1,
        null,
        null,
        null,
        null,
        null,
        1,
        null,
        null,
        null,
        null,
        null,
        null,
        null,
        null,
        1,
        null,
        null,
        null,
        null,
        null,
        null,
        null,
        null,
        null,
        null,
        null,
        null,
        null,
        null,
        null,
        null,
        null,
        null,
        null,
        null,
        null,
        1,
        null,
        null,
        null,
        null,
        1,
        null,
        null,
        null,
        null,
        null,
        null,
        null,
        null,
        null,
        null,
        null,
        null,
        null,
        null,
        null,
        null,
        null,
        null,
        null,
        null,
        null,
        null,
        null,
        null,
        null,
        null,
        null,
        null,
        null,
        null,
        1,
        null,
        null,
        null,
        null,
        null,
        null,
        null,
        null,
        null,
        null,
        null,
        null,
        null,
        null,
        1,
        null,
        null,
        null,
        null,
        null,
        null,
        null,
        null,
        null,
        null,
        null,
        null,
        null,
        null,
        null,
        null,
        null,
        null,
        null,
        null,
        null,
        null,
        null,
        null,
        1,
        null,
        null,
        null,
        null,
        null,
        null,
        null,
        null,
        null,
        null,
        null,
        null,
        null,
        null,
        null,
        null,
        null,
        1,
        null,
        null,
        null,
        null,
        null,
        null,
        null,
        null,
        null,
        null,
        null,
        null,
        null,
        null,
        null,
        null,
        null,
        null,
        null,
        null,
        null,
        null,
        null,
        null,
        null,
        null,
        null,
        null,
        null,
        null,
        null,
        null,
        null,
        null,
        null,
        null,
        null,
        null,
        null,
        null,
        null,
        null,
        null,
        null,
        null,
        null,
        null,
        null,
        1,
        null,
        null,
        null,
        null,
        null,
        null,
        null,
        null,
        null,
        null,
        null,
        null,
        null,
        null,
        null,
        null,
        null,
        null,
        null,
        null,
        null,
        null,
        null,
        null,
        null,
        null,
        null,
        null,
        null,
        null,
        null,
        null,
        null,
        null,
        null,
        null,
        null,
        1,
        null,
        null,
        null,
        null,
        null,
        null,
        null,
        null,
        null,
        null,
        null,
        null,
        null,
        null,
        null,
        null,
        null,
        null,
        null,
        null,
        null,
        null,
        null,
        null,
        null,
        null,
        null,
        null,
        null
      ],
      "/Users/benedikt/Documents/ruby-programmes/week8/location_api/config/initializers/inflections.rb": [
        null,
        null,
        null,
        null,
        null,
        null,
        null,
        null,
        null,
        null,
        null,
        null,
        null,
        null,
        null
      ],
      "/Users/benedikt/Documents/ruby-programmes/week8/location_api/config/initializers/mime_types.rb": [
        null,
        null,
        null,
        null,
        null
      ],
      "/Users/benedikt/Documents/ruby-programmes/week8/location_api/config/initializers/secret_token.rb": [
        null,
        null,
        null,
        null,
        null,
        null,
        1
      ],
      "/Users/benedikt/Documents/ruby-programmes/week8/location_api/config/initializers/session_store.rb": [
        null,
        null,
        1,
        null,
        null,
        null,
        null,
        null
      ],
      "/Users/benedikt/Documents/ruby-programmes/week8/location_api/config/initializers/wrap_parameters.rb": [
        null,
        null,
        null,
        null,
        null,
        null,
        1,
        1,
        null,
        null,
        null,
        1,
        1,
        null
      ],
      "/Users/benedikt/Documents/ruby-programmes/week8/location_api/config/routes.rb": [
        1,
        1,
        1,
        1,
        1,
        null,
        null,
        null
      ],
      "/Users/benedikt/Documents/ruby-programmes/week8/location_api/app/controllers/application_controller.rb": [
        1,
        1,
        null
      ],
      "/Users/benedikt/Documents/ruby-programmes/week8/location_api/app/helpers/application_helper.rb": [
        1,
        null
      ],
      "/Users/benedikt/Documents/ruby-programmes/week8/location_api/app/controllers/discounts_controller.rb": [
        1,
        null,
        1,
        1,
        null,
        null,
        null,
        null,
        null,
        null,
        1,
        null,
        null,
        1,
        0,
        0,
        0,
        null,
        0,
        null,
        null,
        null
      ],
      "/Users/benedikt/Documents/ruby-programmes/week8/location_api/app/models/discount.rb": [
        1,
        1,
        1,
        1,
        1,
        null
      ],
      "/Users/benedikt/Documents/ruby-programmes/week8/location_api/app/controllers/locations_controller.rb": [
        1,
        null,
        1,
        null,
        null,
        null
      ],
      "/Users/benedikt/Documents/ruby-programmes/week8/location_api/app/models/location.rb": [
        1,
        1,
        1,
        1,
        1,
        1,
        null
      ],
      "/Users/benedikt/Documents/ruby-programmes/week8/location_api/app/controllers/stores_controller.rb": [
        1,
        1,
        null,
        null,
        null,
        0,
        null,
        null,
        0,
        null,
        null
      ],
      "/Users/benedikt/Documents/ruby-programmes/week8/location_api/app/models/store.rb": [
        1,
        1,
        1,
        1,
        1,
        null,
        null
      ],
      "/Users/benedikt/Documents/ruby-programmes/week8/location_api/app/models/user.rb": [
        1,
        1,
        null,
        null,
        null,
        null,
        null,
        null,
        null
      ],
      "/Users/benedikt/Documents/ruby-programmes/week8/location_api/spec/factories.rb": [
        null,
        1,
        1,
        1,
        null,
        null,
        1,
        1,
        1,
        1,
        1,
        null,
        null,
        1,
        1,
        1,
        1,
        1,
        1,
        null,
        null
      ],
      "/Users/benedikt/Documents/ruby-programmes/week8/location_api/spec/support/api/helper.rb": [
        1,
        null,
        1,
        null,
        1,
        0,
        null,
        null,
        null,
        1,
        1,
        null
      ],
      "/Users/benedikt/Documents/ruby-programmes/week8/location_api/spec/controllers/locations_spec.rb": [
        1,
        null,
        1,
        null,
        null
      ],
      "/Users/benedikt/Documents/ruby-programmes/week8/location_api/spec/factories_spec.rb": [
        1,
        null,
        1,
        3,
        3,
        3,
        null,
        null,
        null
      ],
      "/Users/benedikt/Documents/ruby-programmes/week8/location_api/spec/features/discounts_api_spec.rb": [
        1,
        1,
        null,
        1,
        1,
        1,
        1,
        1,
        null,
        1,
        null,
        1,
        null,
        1,
        null,
        null
      ],
      "/Users/benedikt/Documents/ruby-programmes/week8/location_api/spec/models/discount_spec.rb": [
        1,
        null,
        1,
        2,
        2,
        2,
        2,
        2,
        null
      ],
      "/Users/benedikt/Documents/ruby-programmes/week8/location_api/spec/models/location_spec.rb": [
        1,
        null,
        1,
        2,
        2,
        2,
        2,
        2,
        null
      ],
      "/Users/benedikt/Documents/ruby-programmes/week8/location_api/spec/models/store_spec.rb": [
        1,
        null,
        1,
        2,
        2,
        2,
        null
      ],
      "/Users/benedikt/Documents/ruby-programmes/week8/location_api/spec/models/user_spec.rb": [
        1,
        null,
        1,
        2,
        2,
        null
      ]
    },
    "timestamp": 1385882228
  }
}
